0 info it worked if it ends with ok
1 verbose cli [ '/usr/local/bin/node',
1 verbose cli   '/usr/local/bin/npm',
1 verbose cli   'publish',
1 verbose cli   '--access-public' ]
2 info using npm@3.6.0
3 info using node@v5.6.0
4 verbose publish [ '.' ]
5 silly cache add args [ '.', null ]
6 verbose cache add spec .
7 silly cache add parsed spec Result {
7 silly cache add   raw: '.',
7 silly cache add   scope: null,
7 silly cache add   name: null,
7 silly cache add   rawSpec: '.',
7 silly cache add   spec: '/Users/zouchuan/github/generator-zyy-h5',
7 silly cache add   type: 'directory' }
8 verbose addLocalDirectory /Users/zouchuan/.npm/generator-zyy-h5/0.1.2/package.tgz not in flight; packing
9 verbose correctMkdir /Users/zouchuan/.npm correctMkdir not in flight; initializing
10 info lifecycle generator-zyy-h5@0.1.2~prepublish: generator-zyy-h5@0.1.2
11 silly lifecycle generator-zyy-h5@0.1.2~prepublish: no script for prepublish, continuing
12 verbose tar pack [ '/Users/zouchuan/.npm/generator-zyy-h5/0.1.2/package.tgz',
12 verbose tar pack   '/Users/zouchuan/github/generator-zyy-h5' ]
13 verbose tarball /Users/zouchuan/.npm/generator-zyy-h5/0.1.2/package.tgz
14 verbose folder /Users/zouchuan/github/generator-zyy-h5
15 verbose addLocalTarball adding from inside cache /Users/zouchuan/.npm/generator-zyy-h5/0.1.2/package.tgz
16 verbose correctMkdir /Users/zouchuan/.npm correctMkdir not in flight; initializing
17 silly cache afterAdd generator-zyy-h5@0.1.2
18 verbose afterAdd /Users/zouchuan/.npm/generator-zyy-h5/0.1.2/package/package.json not in flight; writing
19 verbose correctMkdir /Users/zouchuan/.npm correctMkdir not in flight; initializing
20 verbose afterAdd /Users/zouchuan/.npm/generator-zyy-h5/0.1.2/package/package.json written
21 silly publish { name: 'generator-zyy-h5',
21 silly publish   version: '0.1.2',
21 silly publish   description: '基于Webpack的H5项目目录快速生成器',
21 silly publish   main: 'index.js',
21 silly publish   scripts: { test: 'echo "Error: no test specified" && exit 1' },
21 silly publish   repository:
21 silly publish    { type: 'git',
21 silly publish      url: 'git+https://github.com/zanseven007/generator-zyy-h5.git' },
21 silly publish   keywords: [ 'yeoman-generator', 'yeoman', 'H5', 'Webpack' ],
21 silly publish   author:
21 silly publish    { name: 'zanseven007',
21 silly publish      email: '445897574@qq.com',
21 silly publish      url: 'http://blogpage.js.org' },
21 silly publish   license: 'MIT',
21 silly publish   bugs: { url: 'https://github.com/zanseven007/generator-zyy-h5/issues' },
21 silly publish   homepage: 'https://github.com/zanseven007/generator-zyy-h5#readme',
21 silly publish   dependencies:
21 silly publish    { chai: '^3.3.0',
21 silly publish      chalk: '^1.1.1',
21 silly publish      'fs-extra': '^0.24.0',
21 silly publish      mocha: '^2.3.3',
21 silly publish      'yeoman-generator': '^0.24.1',
21 silly publish      yosay: '^1.0.5' },
21 silly publish   readme: '# 基于Webpack和Gulp的H5小项目生成器\n> H5 日益普及，为了方便日后开发的方便，特此写一个模板生成器为日后使用\n\n## 使用yoeman创建模板\n安装 yo\n```\nnpm install -g yo\n```\n安装H5模板生成器\n```\nnpm install -g generator-zyy-h5 \n```\n新建一个项目目录并进入\n```\nmkdir my-new-h5 && cd $_\n```\n使用H5模板\n```\nyo zyy-h5\n```\n\n## 使用模板\n开发\n```\ngulp watch\n```\n\n发布\n```\ngulp release\n```\n\n## License\nMIT © [zanseven007](https://github.com/zanseven007)\n',
21 silly publish   readmeFilename: 'README.md',
21 silly publish   gitHead: 'b30da913dcbb4a091ac48cc1b7176bf7f07582ba',
21 silly publish   _id: 'generator-zyy-h5@0.1.2',
21 silly publish   _shasum: 'ed1e256a979edb5b71719ae92eb7bcd58ddbbdec',
21 silly publish   _from: '.' }
22 verbose getPublishConfig undefined
23 silly mapToRegistry name generator-zyy-h5
24 silly mapToRegistry using default registry
25 silly mapToRegistry registry https://registry.npmjs.org/
26 silly mapToRegistry uri https://registry.npmjs.org/generator-zyy-h5
27 verbose publish registryBase https://registry.npmjs.org/
28 silly publish uploading /Users/zouchuan/.npm/generator-zyy-h5/0.1.2/package.tgz
29 verbose request uri https://registry.npmjs.org/generator-zyy-h5
30 verbose request sending authorization for write operation
31 info attempt registry request try #1 at 17:18:33
32 verbose request using bearer token for auth
33 verbose request id a46a76aaa0b3f74b
34 http request PUT https://registry.npmjs.org/generator-zyy-h5
35 http 403 https://registry.npmjs.org/generator-zyy-h5
36 verbose headers { 'content-type': 'application/json',
36 verbose headers   'cache-control': 'max-age=300',
36 verbose headers   'content-length': '95',
36 verbose headers   'accept-ranges': 'bytes',
36 verbose headers   date: 'Tue, 20 Sep 2016 09:18:38 GMT',
36 verbose headers   via: '1.1 varnish',
36 verbose headers   connection: 'keep-alive',
36 verbose headers   'x-served-by': 'cache-itm7420-ITM',
36 verbose headers   'x-cache': 'MISS',
36 verbose headers   'x-cache-hits': '0',
36 verbose headers   'x-timer': 'S1474363114.786916,VS0,VE3363',
36 verbose headers   vary: 'Accept-Encoding' }
37 verbose request invalidating /Users/zouchuan/.npm/registry.npmjs.org/generator-zyy-h5 on PUT
38 error publish Failed PUT 403
39 verbose stack Error: "You cannot publish over the previously published version 0.1.2." : generator-zyy-h5
39 verbose stack     at makeError (/usr/local/lib/node_modules/npm/node_modules/npm-registry-client/lib/request.js:264:12)
39 verbose stack     at CachingRegistryClient.<anonymous> (/usr/local/lib/node_modules/npm/node_modules/npm-registry-client/lib/request.js:252:14)
39 verbose stack     at Request._callback (/usr/local/lib/node_modules/npm/node_modules/npm-registry-client/lib/request.js:172:14)
39 verbose stack     at Request.self.callback (/usr/local/lib/node_modules/npm/node_modules/request/request.js:198:22)
39 verbose stack     at emitTwo (events.js:100:13)
39 verbose stack     at Request.emit (events.js:185:7)
39 verbose stack     at Request.<anonymous> (/usr/local/lib/node_modules/npm/node_modules/request/request.js:1035:10)
39 verbose stack     at emitOne (events.js:95:20)
39 verbose stack     at Request.emit (events.js:182:7)
39 verbose stack     at IncomingMessage.<anonymous> (/usr/local/lib/node_modules/npm/node_modules/request/request.js:962:12)
40 verbose statusCode 403
41 verbose pkgid generator-zyy-h5
42 verbose cwd /Users/zouchuan/github/generator-zyy-h5
43 error Darwin 15.6.0
44 error argv "/usr/local/bin/node" "/usr/local/bin/npm" "publish" "--access-public"
45 error node v5.6.0
46 error npm  v3.6.0
47 error code E403
48 error "You cannot publish over the previously published version 0.1.2." : generator-zyy-h5
49 error If you need help, you may report this error at:
49 error     <https://github.com/npm/npm/issues>
50 verbose exit [ 1, true ]
